War has started with 2 kingdoms.
---------------
Duel 1: Kingdom1 vs Kingdom2
  Duel between NobleHouse1(30) -WIZ- and NobleHouse1(30) -WIZ- has begun.
    WizardNH1(540) hit WizardNH1(540) 145.
    WizardNH1(395) hit WizardNH1(540) 145.
    ****
    WizardNH1(395) took 20 damage as DOT.
    WizardNH1(395) took 20 damage as DOT.
    WizardNH1(375) hit WizardNH1(375) 145.
    WizardNH1(230) hit WizardNH1(375) 145.
    ****
    WizardNH1(230) took 40 damage as DOT.
    WizardNH1(230) took 40 damage as DOT.
    WizardNH1(190) hit WizardNH1(190) 145.
    WizardNH1(45) hit WizardNH1(190) 145.
    ****
    WizardNH1(45) took 60 damage as DOT.
    WizardNH1(45) took 60 damage as DOT.
    WizardNH1(-15) hit WizardNH1(-15) 145.
    WizardNH1(-160) hit WizardNH1(-15) 145.
    ****
    Both of them are dead. A draw.
  Duel between NobleHouse2(30) -WHI- and NobleHouse2(30) -WHI- has begun.
    WhitewalkerNH2(640) hit WhitewalkerNH2(640) 150.
    WhitewalkerNH2(490) hit WhitewalkerNH2(640) 150.
    ****
    WhitewalkerNH2(490) took 30 damage as DOT.
    WhitewalkerNH2(490) took 30 damage as DOT.
    WhitewalkerNH2(460) hit WhitewalkerNH2(460) 150.
    WhitewalkerNH2(310) hit WhitewalkerNH2(460) 150.
    ****
    WhitewalkerNH2(310) took 60 damage as DOT.
    WhitewalkerNH2(310) took 60 damage as DOT.
    WhitewalkerNH2(250) hit WhitewalkerNH2(250) 150.
    WhitewalkerNH2(100) hit WhitewalkerNH2(250) 150.
    ****
    WhitewalkerNH2(100) took 90 damage as DOT.
    WhitewalkerNH2(100) took 90 damage as DOT.
    WhitewalkerNH2(10) hit WhitewalkerNH2(10) 150.
    WhitewalkerNH2(-140) hit WhitewalkerNH2(10) 150.
    ****
    Both of them are dead. A draw.
  Duel between NobleHouse3(30) -WIL- and NobleHouse3(30) -WIL- has begun.
    WildlingNH3(490) hit WildlingNH3(490) 170.
    WildlingNH3(320) hit WildlingNH3(490) 170.
    ****
    WildlingNH3(320) took 25 damage as DOT.
    WildlingNH3(320) took 25 damage as DOT.
    WildlingNH3(295) hit WildlingNH3(295) 170.
    WildlingNH3(125) hit WildlingNH3(295) 170.
    ****
    WildlingNH3(125) took 50 damage as DOT.
    WildlingNH3(125) took 50 damage as DOT.
    WildlingNH3(75) hit WildlingNH3(75) 170.
    WildlingNH3(-95) hit WildlingNH3(75) 170.
    ****
    Both of them are dead. A draw.
  Duel between NobleHouse1(30) -WIZ- and NobleHouse2(30) -WHI- has begun.
    WizardNH1(540) hit WhitewalkerNH2(640) 145.
    WhitewalkerNH2(495) hit WizardNH1(540) 150.
    ****
    WizardNH1(390) took 30 damage as DOT.
    WhitewalkerNH2(495) took 20 damage as DOT.
    WizardNH1(360) hit WhitewalkerNH2(475) 145.
    WhitewalkerNH2(330) hit WizardNH1(360) 150.
    ****
    WizardNH1(210) took 60 damage as DOT.
    WhitewalkerNH2(330) took 40 damage as DOT.
    WizardNH1(150) hit WhitewalkerNH2(290) 145.
    WhitewalkerNH2(145) hit WizardNH1(150) 150.
    ****
    WhitewalkerNH2(145) has won.
  Duel between NobleHouse2(30) -WHI- and NobleHouse3(30) -WIL- has begun.
    WhitewalkerNH2(640) hit WildlingNH3(490) 150.
    WildlingNH3(340) hit WhitewalkerNH2(640) 170.
    ****
    WhitewalkerNH2(470) took 25 damage as DOT.
    WildlingNH3(340) took 30 damage as DOT.
    WhitewalkerNH2(445) hit WildlingNH3(310) 150.
    WildlingNH3(160) hit WhitewalkerNH2(445) 170.
    ****
    WhitewalkerNH2(275) took 50 damage as DOT.
    WildlingNH3(160) took 60 damage as DOT.
    WhitewalkerNH2(225) hit WildlingNH3(100) 150.
    WildlingNH3(-50) hit WhitewalkerNH2(225) 170.
    ****
    WhitewalkerNH2(55) has won.
  Duel between NobleHouse3(30) -WIL- and NobleHouse1(30) -WIZ- has begun.
    WildlingNH3(490) hit WizardNH1(540) 170.
    WizardNH1(370) hit WildlingNH3(490) 145.
    ****
    WildlingNH3(345) took 20 damage as DOT.
    WizardNH1(370) took 25 damage as DOT.
    WildlingNH3(325) hit WizardNH1(345) 170.
    WizardNH1(175) hit WildlingNH3(325) 145.
    ****
    WildlingNH3(180) took 40 damage as DOT.
    WizardNH1(175) took 50 damage as DOT.
    WildlingNH3(140) hit WizardNH1(125) 170.
    WizardNH1(-45) hit WildlingNH3(140) 145.
    ****
    Both of them are dead. A draw.
  Duel between NobleHouse1(27) -WIZ- and NobleHouse3(27) -WIL- has begun.
    WizardNH1(540) hit WildlingNH3(490) 142.
    WildlingNH3(348) hit WizardNH1(540) 167.
    ****
    WizardNH1(373) took 25 damage as DOT.
    WildlingNH3(348) took 20 damage as DOT.
    WizardNH1(348) hit WildlingNH3(328) 142.
    WildlingNH3(186) hit WizardNH1(348) 167.
    ****
    WizardNH1(181) took 50 damage as DOT.
    WildlingNH3(186) took 40 damage as DOT.
    WizardNH1(131) hit WildlingNH3(146) 142.
    WildlingNH3(4) hit WizardNH1(131) 167.
    ****
    WildlingNH3(4) has won.
  Duel between NobleHouse2(33) -WHI- and NobleHouse1(30) -WIZ- has begun.
    WhitewalkerNH2(640) hit WizardNH1(540) 153.
    WizardNH1(387) hit WhitewalkerNH2(640) 145.
    ****
    WhitewalkerNH2(495) took 20 damage as DOT.
    WizardNH1(387) took 30 damage as DOT.
    WhitewalkerNH2(475) hit WizardNH1(357) 153.
    WizardNH1(204) hit WhitewalkerNH2(475) 145.
    ****
    WhitewalkerNH2(330) took 40 damage as DOT.
    WizardNH1(204) took 60 damage as DOT.
    WhitewalkerNH2(290) hit WizardNH1(144) 153.
    WizardNH1(-9) hit WhitewalkerNH2(290) 145.
    ****
    WhitewalkerNH2(145) has won.
  Duel between NobleHouse3(30) -WIL- and NobleHouse2(33) -WHI- has begun.
    WildlingNH3(490) hit WhitewalkerNH2(640) 170.
    WhitewalkerNH2(470) hit WildlingNH3(490) 153.
    ****
    WildlingNH3(337) took 30 damage as DOT.
    WhitewalkerNH2(470) took 25 damage as DOT.
    WildlingNH3(307) hit WhitewalkerNH2(445) 170.
    WhitewalkerNH2(275) hit WildlingNH3(307) 153.
    ****
    WildlingNH3(154) took 60 damage as DOT.
    WhitewalkerNH2(275) took 50 damage as DOT.
    WildlingNH3(94) hit WhitewalkerNH2(225) 170.
    WhitewalkerNH2(55) hit WildlingNH3(94) 153.
    ****
    WhitewalkerNH2(55) has won.
  Duel between GreatHouse1(50) -WIZ- and GreatHouse1(50) -WIZ- has begun.
    WizardGH(565) hit WizardGH(565) 165.
    WizardGH(400) hit WizardGH(565) 165.
    ****
    WizardGH(400) took 20 damage as DOT.
    WizardGH(400) took 20 damage as DOT.
    WizardGH(380) hit WizardGH(380) 165.
    WizardGH(215) hit WizardGH(380) 165.
    ****
    WizardGH(215) took 40 damage as DOT.
    WizardGH(215) took 40 damage as DOT.
    WizardGH(175) hit WizardGH(175) 165.
    WizardGH(10) hit WizardGH(175) 165.
    ****
    WizardGH(10) took 60 damage as DOT.
    WizardGH(10) took 60 damage as DOT.
    WizardGH(-50) hit WizardGH(-50) 165.
    WizardGH(-215) hit WizardGH(-50) 165.
    ****
    Both of them are dead. A draw.
  Kingdom1 got 2 house points. Kingdom2 got 3 house points.

The winner is: Kingdom2 with currently 1 kingdom points.
---------------
The War is over. The new owner of King's Landing is Kingdom2 with a total of 1 points.

